[INFO] Scanning for projects...
[WARNING] 
[WARNING] Some problems were encountered while building the effective model for com.example:GreenSelf:jar:0.0.1-SNAPSHOT
[WARNING] 'dependencies.dependency.(groupId:artifactId:type:classifier)' must be unique: org.springframework.boot:spring-boot-starter-validation:jar -> duplicate declaration of version (?) @ line 83, column 21
[WARNING] 
[WARNING] It is highly recommended to fix these problems because they threaten the stability of your build.
[WARNING] 
[WARNING] For this reason, future Maven versions might no longer support building such malformed projects.
[WARNING] 
[INFO] 
[INFO] -----------------------< com.example:GreenSelf >------------------------
[INFO] Building GreenSelf 0.0.1-SNAPSHOT
[INFO]   from pom.xml
[INFO] --------------------------------[ jar ]---------------------------------
[INFO] 
[INFO] --- clean:3.5.0:clean (default-clean) @ GreenSelf ---
[INFO] Deleting E:\Final year project\Project\GreenSelf\target
[INFO] 
[INFO] --- resources:3.3.1:resources (default-resources) @ GreenSelf ---
[INFO] Copying 1 resource from src\main\resources to target\classes
[INFO] Copying 0 resource from src\main\resources to target\classes
[INFO] 
[INFO] --- compiler:3.14.1:compile (default-compile) @ GreenSelf ---
[INFO] Recompiling the module because of changed source code.
[INFO] Compiling 76 source files with javac [debug parameters release 17] to target\classes
[INFO] 
[INFO] --- resources:3.3.1:testResources (default-testResources) @ GreenSelf ---
[INFO] skip non existing resourceDirectory E:\Final year project\Project\GreenSelf\src\test\resources
[INFO] 
[INFO] --- compiler:3.14.1:testCompile (default-testCompile) @ GreenSelf ---
[INFO] Recompiling the module because of changed dependency.
[INFO] Compiling 7 source files with javac [debug parameters release 17] to target\test-classes
[INFO] -------------------------------------------------------------
[ERROR] COMPILATION ERROR : 
[INFO] -------------------------------------------------------------
[ERROR] /E:/Final year project/Project/GreenSelf/src/test/java/com/example/GreenSelf/controller/ProductControllerTest.java:[9,63] package org.springframework.boot.test.autoconfigure.web.servlet does not exist
[ERROR] /E:/Final year project/Project/GreenSelf/src/test/java/com/example/GreenSelf/controller/ProductControllerTest.java:[10,50] package org.springframework.boot.test.mock.mockito does not exist
[ERROR] /E:/Final year project/Project/GreenSelf/src/test/java/com/example/GreenSelf/controller/SellerControllerTest.java:[10,63] package org.springframework.boot.test.autoconfigure.web.servlet does not exist
[ERROR] /E:/Final year project/Project/GreenSelf/src/test/java/com/example/GreenSelf/controller/SellerControllerTest.java:[11,50] package org.springframework.boot.test.mock.mockito does not exist
[ERROR] /E:/Final year project/Project/GreenSelf/src/test/java/com/example/GreenSelf/controller/UserControllerTest.java:[11,63] package org.springframework.boot.test.autoconfigure.web.servlet does not exist
[ERROR] /E:/Final year project/Project/GreenSelf/src/test/java/com/example/GreenSelf/controller/UserControllerTest.java:[12,50] package org.springframework.boot.test.mock.mockito does not exist
[ERROR] /E:/Final year project/Project/GreenSelf/src/test/java/com/example/GreenSelf/controller/ProductControllerTest.java:[23,30] cannot find symbol
  symbol:   method value()
  location: @interface com.example.GreenSelf.controller.WebMvcTest
[ERROR] /E:/Final year project/Project/GreenSelf/src/test/java/com/example/GreenSelf/controller/ProductControllerTest.java:[29,6] cannot find symbol
  symbol:   class MockBean
  location: class com.example.GreenSelf.controller.ProductControllerTest
[ERROR] /E:/Final year project/Project/GreenSelf/src/test/java/com/example/GreenSelf/controller/ProductControllerTest.java:[30,6] cannot find symbol
  symbol:   class MockBean
  location: class com.example.GreenSelf.controller.ProductControllerTest
[ERROR] /E:/Final year project/Project/GreenSelf/src/test/java/com/example/GreenSelf/controller/ProductControllerTest.java:[31,6] cannot find symbol
  symbol:   class MockBean
  location: class com.example.GreenSelf.controller.ProductControllerTest
[ERROR] /E:/Final year project/Project/GreenSelf/src/test/java/com/example/GreenSelf/controller/SellerControllerTest.java:[23,29] cannot find symbol
  symbol:   method value()
  location: @interface com.example.GreenSelf.controller.WebMvcTest
[ERROR] /E:/Final year project/Project/GreenSelf/src/test/java/com/example/GreenSelf/controller/SellerControllerTest.java:[29,6] cannot find symbol
  symbol:   class MockBean
  location: class com.example.GreenSelf.controller.SellerControllerTest
[ERROR] /E:/Final year project/Project/GreenSelf/src/test/java/com/example/GreenSelf/controller/SellerControllerTest.java:[30,6] cannot find symbol
  symbol:   class MockBean
  location: class com.example.GreenSelf.controller.SellerControllerTest
[ERROR] /E:/Final year project/Project/GreenSelf/src/test/java/com/example/GreenSelf/controller/SellerControllerTest.java:[31,6] cannot find symbol
  symbol:   class MockBean
  location: class com.example.GreenSelf.controller.SellerControllerTest
[ERROR] /E:/Final year project/Project/GreenSelf/src/test/java/com/example/GreenSelf/controller/UserControllerTest.java:[31,27] cannot find symbol
  symbol:   method value()
  location: @interface com.example.GreenSelf.controller.WebMvcTest
[ERROR] /E:/Final year project/Project/GreenSelf/src/test/java/com/example/GreenSelf/controller/UserControllerTest.java:[38,6] cannot find symbol
  symbol:   class MockBean
  location: class com.example.GreenSelf.controller.UserControllerTest
[ERROR] /E:/Final year project/Project/GreenSelf/src/test/java/com/example/GreenSelf/controller/UserControllerTest.java:[39,6] cannot find symbol
  symbol:   class MockBean
  location: class com.example.GreenSelf.controller.UserControllerTest
[ERROR] /E:/Final year project/Project/GreenSelf/src/test/java/com/example/GreenSelf/controller/UserControllerTest.java:[40,6] cannot find symbol
  symbol:   class MockBean
  location: class com.example.GreenSelf.controller.UserControllerTest
[ERROR] /E:/Final year project/Project/GreenSelf/src/test/java/com/example/GreenSelf/controller/UserControllerTest.java:[41,6] cannot find symbol
  symbol:   class MockBean
  location: class com.example.GreenSelf.controller.UserControllerTest
[INFO] 19 errors 
[INFO] -------------------------------------------------------------
[INFO] ------------------------------------------------------------------------
[INFO] BUILD FAILURE
[INFO] ------------------------------------------------------------------------
[INFO] Total time:  6.562 s
[INFO] Finished at: 2026-04-05T00:37:27+05:30
[INFO] ------------------------------------------------------------------------
[ERROR] Failed to execute goal org.apache.maven.plugins:maven-compiler-plugin:3.14.1:testCompile (default-testCompile) on project GreenSelf: Compilation failure: Compilation failure: 
[ERROR] /E:/Final year project/Project/GreenSelf/src/test/java/com/example/GreenSelf/controller/ProductControllerTest.java:[9,63] package org.springframework.boot.test.autoconfigure.web.servlet does not exist
[ERROR] /E:/Final year project/Project/GreenSelf/src/test/java/com/example/GreenSelf/controller/ProductControllerTest.java:[10,50] package org.springframework.boot.test.mock.mockito does not exist
[ERROR] /E:/Final year project/Project/GreenSelf/src/test/java/com/example/GreenSelf/controller/SellerControllerTest.java:[10,63] package org.springframework.boot.test.autoconfigure.web.servlet does not exist
[ERROR] /E:/Final year project/Project/GreenSelf/src/test/java/com/example/GreenSelf/controller/SellerControllerTest.java:[11,50] package org.springframework.boot.test.mock.mockito does not exist
[ERROR] /E:/Final year project/Project/GreenSelf/src/test/java/com/example/GreenSelf/controller/UserControllerTest.java:[11,63] package org.springframework.boot.test.autoconfigure.web.servlet does not exist
[ERROR] /E:/Final year project/Project/GreenSelf/src/test/java/com/example/GreenSelf/controller/UserControllerTest.java:[12,50] package org.springframework.boot.test.mock.mockito does not exist
[ERROR] /E:/Final year project/Project/GreenSelf/src/test/java/com/example/GreenSelf/controller/ProductControllerTest.java:[23,30] cannot find symbol
[ERROR]   symbol:   method value()
[ERROR]   location: @interface com.example.GreenSelf.controller.WebMvcTest
[ERROR] /E:/Final year project/Project/GreenSelf/src/test/java/com/example/GreenSelf/controller/ProductControllerTest.java:[29,6] cannot find symbol
[ERROR]   symbol:   class MockBean
[ERROR]   location: class com.example.GreenSelf.controller.ProductControllerTest
[ERROR] /E:/Final year project/Project/GreenSelf/src/test/java/com/example/GreenSelf/controller/ProductControllerTest.java:[30,6] cannot find symbol
[ERROR]   symbol:   class MockBean
[ERROR]   location: class com.example.GreenSelf.controller.ProductControllerTest
[ERROR] /E:/Final year project/Project/GreenSelf/src/test/java/com/example/GreenSelf/controller/ProductControllerTest.java:[31,6] cannot find symbol
[ERROR]   symbol:   class MockBean
[ERROR]   location: class com.example.GreenSelf.controller.ProductControllerTest
[ERROR] /E:/Final year project/Project/GreenSelf/src/test/java/com/example/GreenSelf/controller/SellerControllerTest.java:[23,29] cannot find symbol
[ERROR]   symbol:   method value()
[ERROR]   location: @interface com.example.GreenSelf.controller.WebMvcTest
[ERROR] /E:/Final year project/Project/GreenSelf/src/test/java/com/example/GreenSelf/controller/SellerControllerTest.java:[29,6] cannot find symbol
[ERROR]   symbol:   class MockBean
[ERROR]   location: class com.example.GreenSelf.controller.SellerControllerTest
[ERROR] /E:/Final year project/Project/GreenSelf/src/test/java/com/example/GreenSelf/controller/SellerControllerTest.java:[30,6] cannot find symbol
[ERROR]   symbol:   class MockBean
[ERROR]   location: class com.example.GreenSelf.controller.SellerControllerTest
[ERROR] /E:/Final year project/Project/GreenSelf/src/test/java/com/example/GreenSelf/controller/SellerControllerTest.java:[31,6] cannot find symbol
[ERROR]   symbol:   class MockBean
[ERROR]   location: class com.example.GreenSelf.controller.SellerControllerTest
[ERROR] /E:/Final year project/Project/GreenSelf/src/test/java/com/example/GreenSelf/controller/UserControllerTest.java:[31,27] cannot find symbol
[ERROR]   symbol:   method value()
[ERROR]   location: @interface com.example.GreenSelf.controller.WebMvcTest
[ERROR] /E:/Final year project/Project/GreenSelf/src/test/java/com/example/GreenSelf/controller/UserControllerTest.java:[38,6] cannot find symbol
[ERROR]   symbol:   class MockBean
[ERROR]   location: class com.example.GreenSelf.controller.UserControllerTest
[ERROR] /E:/Final year project/Project/GreenSelf/src/test/java/com/example/GreenSelf/controller/UserControllerTest.java:[39,6] cannot find symbol
[ERROR]   symbol:   class MockBean
[ERROR]   location: class com.example.GreenSelf.controller.UserControllerTest
[ERROR] /E:/Final year project/Project/GreenSelf/src/test/java/com/example/GreenSelf/controller/UserControllerTest.java:[40,6] cannot find symbol
[ERROR]   symbol:   class MockBean
[ERROR]   location: class com.example.GreenSelf.controller.UserControllerTest
[ERROR] /E:/Final year project/Project/GreenSelf/src/test/java/com/example/GreenSelf/controller/UserControllerTest.java:[41,6] cannot find symbol
[ERROR]   symbol:   class MockBean
[ERROR]   location: class com.example.GreenSelf.controller.UserControllerTest
[ERROR] -> [Help 1]
[ERROR] 
[ERROR] To see the full stack trace of the errors, re-run Maven with the -e switch.
[ERROR] Re-run Maven using the -X switch to enable full debug logging.
[ERROR] 
[ERROR] For more information about the errors and possible solutions, please read the following articles:
[ERROR] [Help 1] http://cwiki.apache.org/confluence/display/MAVEN/MojoFailureException
